This is pdfTeX, Version 3.141592653-2.6-1.40.22 (MiKTeX 21.2) (preloaded format=pdflatex 2021.3.1)  18 APR 2021 21:07
entering extended mode
**./2021-04-18-nowcast.tex
(2021-04-18-nowcast.tex
LaTeX2e <2020-10-01> patch level 4
L3 programming layer <2021-02-18> xparse <2020-03-03> (C:\Users\Charles\AppData
\Local\Programs\MiKTeX\tex/latex/base\article.cls
Document Class: article 2020/04/10 v1.4m Standard LaTeX document class
(C:\Users\Charles\AppData\Local\Programs\MiKTeX\tex/latex/base\size11.clo
File: size11.clo 2020/04/10 v1.4m Standard LaTeX file (size option)
)
\c@part=\count179
\c@section=\count180
\c@subsection=\count181
\c@subsubsection=\count182
\c@paragraph=\count183
\c@subparagraph=\count184
\c@figure=\count185
\c@table=\count186
\abovecaptionskip=\skip47
\belowcaptionskip=\skip48
\bibindent=\dimen138
)
(C:\Users\Charles\AppData\Local\Programs\MiKTeX\tex/latex/graphics\graphicx.sty
Package: graphicx 2020/09/09 v1.2b Enhanced LaTeX Graphics (DPC,SPQR)
(C:\Users\Charles\AppData\Local\Programs\MiKTeX\tex/latex/graphics\keyval.sty
Package: keyval 2014/10/28 v1.15 key=value parser (DPC)
\KV@toks@=\toks15
)
(C:\Users\Charles\AppData\Local\Programs\MiKTeX\tex/latex/graphics\graphics.sty
Package: graphics 2020/08/30 v1.4c Standard LaTeX Graphics (DPC,SPQR)
(C:\Users\Charles\AppData\Local\Programs\MiKTeX\tex/latex/graphics\trig.sty
Package: trig 2016/01/03 v1.10 sin cos tan (DPC)
)
(C:\Users\Charles\AppData\Local\Programs\MiKTeX\tex/latex/graphics-cfg\graphics
.cfg
File: graphics.cfg 2016/06/04 v1.11 sample graphics configuration
)
Package graphics Info: Driver file: pdftex.def on input line 105.

(C:\Users\Charles\AppData\Local\Programs\MiKTeX\tex/latex/graphics-def\pdftex.d
ef
File: pdftex.def 2020/10/05 v1.2a Graphics/color driver for pdftex
))
\Gin@req@height=\dimen139
\Gin@req@width=\dimen140
) (C:\Users\Charles\AppData\Local\Programs\MiKTeX\tex/latex/graphics\color.sty
Package: color 2020/02/24 v1.2b Standard LaTeX Color (DPC)

(C:\Users\Charles\AppData\Local\Programs\MiKTeX\tex/latex/graphics-cfg\color.cf
g
File: color.cfg 2016/01/02 v1.6 sample color configuration
)
Package color Info: Driver file: pdftex.def on input line 147.
) (C:\Users\Charles\AppData\Local\Programs\MiKTeX\tex/latex/framed\framed.sty
Package: framed 2011/10/22 v 0.96: framed or shaded text with page breaks
\OuterFrameSep=\skip49
\fb@frw=\dimen141
\fb@frh=\dimen142
\FrameRule=\dimen143
\FrameSep=\dimen144
) (C:\Users\Charles\AppData\Local\Programs\MiKTeX\tex/latex/base\alltt.sty
Package: alltt 1997/06/16 v2.0g defines alltt environment
) (C:\Users\Charles\AppData\Local\Programs\MiKTeX\tex/latex/base\inputenc.sty
Package: inputenc 2020/08/01 v1.3d Input encoding file
\inpenc@prehook=\toks16
\inpenc@posthook=\toks17
) (C:\Users\Charles\AppData\Local\Programs\MiKTeX\tex/latex/amsmath\amsmath.sty
Package: amsmath 2020/09/23 v2.17i AMS math features
\@mathmargin=\skip50
For additional information on amsmath, use the `?' option.
(C:\Users\Charles\AppData\Local\Programs\MiKTeX\tex/latex/amsmath\amstext.sty
Package: amstext 2000/06/29 v2.01 AMS text
(C:\Users\Charles\AppData\Local\Programs\MiKTeX\tex/latex/amsmath\amsgen.sty
File: amsgen.sty 1999/11/30 v2.0 generic functions
\@emptytoks=\toks18
\ex@=\dimen145
)) (C:\Users\Charles\AppData\Local\Programs\MiKTeX\tex/latex/amsmath\amsbsy.sty
Package: amsbsy 1999/11/29 v1.2d Bold Symbols
\pmbraise@=\dimen146
) (C:\Users\Charles\AppData\Local\Programs\MiKTeX\tex/latex/amsmath\amsopn.sty
Package: amsopn 2016/03/08 v2.02 operator names
)
\inf@bad=\count187
LaTeX Info: Redefining \frac on input line 234.
\uproot@=\count188
\leftroot@=\count189
LaTeX Info: Redefining \overline on input line 399.
\classnum@=\count190
\DOTSCASE@=\count191
LaTeX Info: Redefining \ldots on input line 496.
LaTeX Info: Redefining \dots on input line 499.
LaTeX Info: Redefining \cdots on input line 620.
\Mathstrutbox@=\box47
\strutbox@=\box48
\big@size=\dimen147
LaTeX Font Info:    Redeclaring font encoding OML on input line 743.
LaTeX Font Info:    Redeclaring font encoding OMS on input line 744.
\macc@depth=\count192
\c@MaxMatrixCols=\count193
\dotsspace@=\muskip16
\c@parentequation=\count194
\dspbrk@lvl=\count195
\tag@help=\toks19
\row@=\count196
\column@=\count197
\maxfields@=\count198
\andhelp@=\toks20
\eqnshift@=\dimen148
\alignsep@=\dimen149
\tagshift@=\dimen150
\tagwidth@=\dimen151
\totwidth@=\dimen152
\lineht@=\dimen153
\@envbody=\toks21
\multlinegap=\skip51
\multlinetaggap=\skip52
\mathdisplay@stack=\toks22
LaTeX Info: Redefining \[ on input line 2923.
LaTeX Info: Redefining \] on input line 2924.
) (C:\Users\Charles\AppData\Local\Programs\MiKTeX\tex/latex/xcolor\xcolor.sty
Package: xcolor 2016/05/11 v2.12 LaTeX color extensions (UK)

(C:\Users\Charles\AppData\Local\Programs\MiKTeX\tex/latex/graphics-cfg\color.cf
g
File: color.cfg 2016/01/02 v1.6 sample color configuration
)
Package xcolor Info: Driver file: pdftex.def on input line 225.
LaTeX Info: Redefining \color on input line 709.
Package xcolor Info: Model `cmy' substituted by `cmy0' on input line 1348.
Package xcolor Info: Model `hsb' substituted by `rgb' on input line 1352.
Package xcolor Info: Model `RGB' extended on input line 1364.
Package xcolor Info: Model `HTML' substituted by `rgb' on input line 1366.
Package xcolor Info: Model `Hsb' substituted by `hsb' on input line 1367.
Package xcolor Info: Model `tHsb' substituted by `hsb' on input line 1368.
Package xcolor Info: Model `HSB' substituted by `hsb' on input line 1369.
Package xcolor Info: Model `Gray' substituted by `gray' on input line 1370.
Package xcolor Info: Model `wave' substituted by `hsb' on input line 1371.
)
(C:\Users\Charles\AppData\Local\Programs\MiKTeX\tex/latex/geometry\geometry.sty
Package: geometry 2020/01/02 v5.9 Page Geometry
(C:\Users\Charles\AppData\Local\Programs\MiKTeX\tex/generic/iftex\ifvtex.sty
Package: ifvtex 2019/10/25 v1.7 ifvtex legacy package. Use iftex instead.
(C:\Users\Charles\AppData\Local\Programs\MiKTeX\tex/generic/iftex\iftex.sty
Package: iftex 2020/03/06 v1.0d TeX engine tests
))
\Gm@cnth=\count199
\Gm@cntv=\count266
\c@Gm@tempcnt=\count267
\Gm@bindingoffset=\dimen154
\Gm@wd@mp=\dimen155
\Gm@odd@mp=\dimen156
\Gm@even@mp=\dimen157
\Gm@layoutwidth=\dimen158
\Gm@layoutheight=\dimen159
\Gm@layouthoffset=\dimen160
\Gm@layoutvoffset=\dimen161
\Gm@dimlist=\toks23

(C:\Users\Charles\AppData\Local\Programs\MiKTeX\tex/latex/geometry\geometry.cfg
)) (C:\Users\Charles\AppData\Local\Programs\MiKTeX\tex/latex/parskip\parskip.st
y
Package: parskip 2020-06-15 v2.0f non-zero parskip adjustments

(C:\Users\Charles\AppData\Local\Programs\MiKTeX\tex/latex/kvoptions\kvoptions.s
ty
Package: kvoptions 2020-10-07 v3.14 Key value format for package options (HO)

(C:\Users\Charles\AppData\Local\Programs\MiKTeX\tex/generic/ltxcmds\ltxcmds.sty
Package: ltxcmds 2020-05-10 v1.25 LaTeX kernel commands for general use (HO)
)
(C:\Users\Charles\AppData\Local\Programs\MiKTeX\tex/generic/kvsetkeys\kvsetkeys
.sty
Package: kvsetkeys 2019/12/15 v1.18 Key value parser (HO)
))
(C:\Users\Charles\AppData\Local\Programs\MiKTeX\tex/latex/etoolbox\etoolbox.sty
Package: etoolbox 2020/10/05 v2.5k e-TeX tools for LaTeX (JAW)
\etb@tempcnta=\count268
)) (C:\Users\Charles\AppData\Local\Programs\MiKTeX\tex/latex/float\float.sty
Package: float 2001/11/08 v1.3d Float enhancements (AL)
\c@float@type=\count269
\float@exts=\toks24
\float@box=\box49
\@float@everytoks=\toks25
\@floatcapt=\box50
)
(C:\Users\Charles\AppData\Local\Programs\MiKTeX\tex/latex/fancyhdr\fancyhdr.sty
Package: fancyhdr 2021/01/28 v4.0.1 Extensive control of page headers and foote
rs
\f@nch@headwidth=\skip53
\f@nch@O@elh=\skip54
\f@nch@O@erh=\skip55
\f@nch@O@olh=\skip56
\f@nch@O@orh=\skip57
\f@nch@O@elf=\skip58
\f@nch@O@erf=\skip59
\f@nch@O@olf=\skip60
\f@nch@O@orf=\skip61
)
(C:\Users\Charles\AppData\Local\Programs\MiKTeX\tex/latex/appendix\appendix.sty
Package: appendix 2020/02/08 v1.2c extra appendix facilities
\c@@pps=\count270
\c@@ppsavesec=\count271
\c@@ppsaveapp=\count272
) (C:\Users\Charles\AppData\Local\Programs\MiKTeX\tex/latex/upquote\upquote.sty
Package: upquote 2012/04/19 v1.3 upright-quote and grave-accent glyphs in verba
tim
)
(C:\Users\Charles\AppData\Local\Programs\MiKTeX\tex/latex/l3backend\l3backend-p
dftex.def
File: l3backend-pdftex.def 2021-02-18 L3 backend support: PDF output (pdfTeX)
\l__color_backend_stack_int=\count273
\l__pdf_internal_box=\box51
) (2021-04-18-nowcast.aux)
\openout1 = `2021-04-18-nowcast.aux'.

LaTeX Font Info:    Checking defaults for OML/cmm/m/it on input line 80.
LaTeX Font Info:    ... okay on input line 80.
LaTeX Font Info:    Checking defaults for OMS/cmsy/m/n on input line 80.
LaTeX Font Info:    ... okay on input line 80.
LaTeX Font Info:    Checking defaults for OT1/cmr/m/n on input line 80.
LaTeX Font Info:    ... okay on input line 80.
LaTeX Font Info:    Checking defaults for T1/cmr/m/n on input line 80.
LaTeX Font Info:    ... okay on input line 80.
LaTeX Font Info:    Checking defaults for TS1/cmr/m/n on input line 80.
LaTeX Font Info:    ... okay on input line 80.
LaTeX Font Info:    Checking defaults for OMX/cmex/m/n on input line 80.
LaTeX Font Info:    ... okay on input line 80.
LaTeX Font Info:    Checking defaults for U/cmr/m/n on input line 80.
LaTeX Font Info:    ... okay on input line 80.

(C:\Users\Charles\AppData\Local\Programs\MiKTeX\tex/context/base/mkii\supp-pdf.
mkii
[Loading MPS to PDF converter (version 2006.09.02).]
\scratchcounter=\count274
\scratchdimen=\dimen162
\scratchbox=\box52
\nofMPsegments=\count275
\nofMParguments=\count276
\everyMPshowfont=\toks26
\MPscratchCnt=\count277
\MPscratchDim=\dimen163
\MPnumerator=\count278
\makeMPintoPDFobject=\count279
\everyMPtoPDFconversion=\toks27
)
(C:\Users\Charles\AppData\Local\Programs\MiKTeX\tex/latex/epstopdf-pkg\epstopdf
-base.sty
Package: epstopdf-base 2020-01-24 v2.11 Base part for package epstopdf
Package epstopdf-base Info: Redefining graphics rule for `.eps' on input line 4
85.
)
*geometry* driver: auto-detecting
*geometry* detected driver: pdftex
*geometry* verbose mode - [ preamble ] result:
* driver: pdftex
* paper: letterpaper
* layout: <same size as paper>
* layoutoffset:(h,v)=(0.0pt,0.0pt)
* modes: 
* h-part:(L,W,R)=(73.97733pt, 466.34035pt, 73.97733pt)
* v-part:(T,H,B)=(85.35826pt, 624.25346pt, 85.35826pt)
* \paperwidth=614.295pt
* \paperheight=794.96999pt
* \textwidth=466.34035pt
* \textheight=624.25346pt
* \oddsidemargin=1.70734pt
* \evensidemargin=1.70734pt
* \topmargin=-23.91173pt
* \headheight=12.0pt
* \headsep=25.0pt
* \topskip=11.0pt
* \footskip=30.0pt
* \marginparwidth=59.0pt
* \marginparsep=10.0pt
* \columnsep=10.0pt
* \skip\footins=10.0pt plus 4.0pt minus 2.0pt
* \hoffset=0.0pt
* \voffset=0.0pt
* \mag=1000
* \@twocolumnfalse
* \@twosidefalse
* \@mparswitchfalse
* \@reversemarginfalse
* (1in=72.27pt=25.4mm, 1cm=28.453pt)

*geometry* verbose mode - [ newgeometry ] result:
* driver: pdftex
* paper: letterpaper
* layout: <same size as paper>
* layoutoffset:(h,v)=(0.0pt,0.0pt)
* modes: 
* h-part:(L,W,R)=(142.26378pt, 379.88603pt, 92.14519pt)
* v-part:(T,H,B)=(142.26378pt, 557.30884pt, 95.39737pt)
* \paperwidth=614.295pt
* \paperheight=794.96999pt
* \textwidth=379.88603pt
* \textheight=557.30884pt
* \oddsidemargin=69.99379pt
* \evensidemargin=69.99379pt
* \topmargin=32.99379pt
* \headheight=12.0pt
* \headsep=25.0pt
* \topskip=11.0pt
* \footskip=30.0pt
* \marginparwidth=59.0pt
* \marginparsep=10.0pt
* \columnsep=10.0pt
* \skip\footins=10.0pt plus 4.0pt minus 2.0pt
* \hoffset=0.0pt
* \voffset=0.0pt
* \mag=1000
* \@twocolumnfalse
* \@twosidefalse
* \@mparswitchfalse
* \@reversemarginfalse
* (1in=72.27pt=25.4mm, 1cm=28.453pt)

<D:/Onedrive/__Projects/econforecasting/documentation-templates/images//cmefi_s
hort.png, id=1, 64.0794pt x 65.043pt>
File: D:/Onedrive/__Projects/econforecasting/documentation-templates/images//cm
efi_short.png Graphic file (type png)
<use D:/Onedrive/__Projects/econforecasting/documentation-templates/images//cme
fi_short.png>
Package pdftex.def Info: D:/Onedrive/__Projects/econforecasting/documentation-t
emplates/images//cmefi_short.png  used on input line 87.
(pdftex.def)             Requested size: 56.9055pt x 57.76202pt.
[1


{C:/Users/Charles/AppData/Local/MiKTeX/pdftex/config/pdftex.map} <D:/Onedrive/_
_Projects/econforecasting/documentation-templates/images//cmefi_short.png>] (20
21-04-18-nowcast.toc)
\tf@toc=\write3
\openout3 = `2021-04-18-nowcast.toc'.

[1

] (2021-04-18-nowcast.lot)
\tf@lot=\write4
\openout4 = `2021-04-18-nowcast.lot'.

(2021-04-18-nowcast.lof)
\tf@lof=\write5
\openout5 = `2021-04-18-nowcast.lof'.

[2]
<D:/Onedrive/__Projects/econforecasting/documentation-templates/images//nowcast
-time-2.png, id=20, 505.89pt x 157.5486pt>
File: D:/Onedrive/__Projects/econforecasting/documentation-templates/images//no
wcast-time-2.png Graphic file (type png)
<use D:/Onedrive/__Projects/econforecasting/documentation-templates/images//now
cast-time-2.png>
Package pdftex.def Info: D:/Onedrive/__Projects/econforecasting/documentation-t
emplates/images//nowcast-time-2.png  used on input line 126.
(pdftex.def)             Requested size: 354.12057pt x 110.28325pt.
[3 <D:/Onedrive/__Projects/econforecasting/documentation-templates/images//nowc
ast-time-2.png>] [4]
<D:/Onedrive/__Projects/econforecasting/documentation-templates/images//nowcast
-time-3.png, id=28, 574.3056pt x 397.0032pt>
File: D:/Onedrive/__Projects/econforecasting/documentation-templates/images//no
wcast-time-3.png Graphic file (type png)
<use D:/Onedrive/__Projects/econforecasting/documentation-templates/images//now
cast-time-3.png>
Package pdftex.def Info: D:/Onedrive/__Projects/econforecasting/documentation-t
emplates/images//nowcast-time-3.png  used on input line 140.
(pdftex.def)             Requested size: 402.01118pt x 277.90034pt.
[5 <D:/Onedrive/__Projects/econforecasting/documentation-templates/images//nowc
ast-time-3.png>] [6] [7] [8]
<D:/Onedrive/__Projects/econforecasting/documentation-templates/images//nowcast
-time.png, id=45, 574.3056pt x 106.9596pt>
File: D:/Onedrive/__Projects/econforecasting/documentation-templates/images//no
wcast-time.png Graphic file (type png)
<use D:/Onedrive/__Projects/econforecasting/documentation-templates/images//now
cast-time.png>
Package pdftex.def Info: D:/Onedrive/__Projects/econforecasting/documentation-t
emplates/images//nowcast-time.png  used on input line 319.
(pdftex.def)             Requested size: 402.01118pt x 74.87119pt.
[9 <D:/Onedrive/__Projects/econforecasting/documentation-templates/images//nowc
ast-time.png>]
<D:/Onedrive/__Projects/econforecasting/model-outputs/latex-figures/unnamed-chu
nk-7-1.pdf, id=56, 722.7pt x 289.08pt>
File: D:/Onedrive/__Projects/econforecasting/model-outputs/latex-figures/unname
d-chunk-7-1.pdf Graphic file (type pdf)
<use D:/Onedrive/__Projects/econforecasting/model-outputs/latex-figures/unnamed
-chunk-7-1.pdf>
Package pdftex.def Info: D:/Onedrive/__Projects/econforecasting/model-outputs/l
atex-figures/unnamed-chunk-7-1.pdf  used on input line 371.
(pdftex.def)             Requested size: 361.3491pt x 144.53964pt.
[10 <D:/Onedrive/__Projects/econforecasting/model-outputs/latex-figures/unnamed
-chunk-7-1.pdf>]
<D:/Onedrive/__Projects/econforecasting/model-outputs/latex-figures/unnamed-chu
nk-9-1.pdf, id=68, 722.7pt x 289.08pt>
File: D:/Onedrive/__Projects/econforecasting/model-outputs/latex-figures/unname
d-chunk-9-1.pdf Graphic file (type pdf)
<use D:/Onedrive/__Projects/econforecasting/model-outputs/latex-figures/unnamed
-chunk-9-1.pdf>
Package pdftex.def Info: D:/Onedrive/__Projects/econforecasting/model-outputs/l
atex-figures/unnamed-chunk-9-1.pdf  used on input line 435.
(pdftex.def)             Requested size: 361.3491pt x 144.53964pt.
<D:/Onedrive/__Projects/econforecasting/model-outputs/latex-figures/unnamed-chu
nk-9-2.pdf, id=69, 722.7pt x 289.08pt>
File: D:/Onedrive/__Projects/econforecasting/model-outputs/latex-figures/unname
d-chunk-9-2.pdf Graphic file (type pdf)
<use D:/Onedrive/__Projects/econforecasting/model-outputs/latex-figures/unnamed
-chunk-9-2.pdf>
Package pdftex.def Info: D:/Onedrive/__Projects/econforecasting/model-outputs/l
atex-figures/unnamed-chunk-9-2.pdf  used on input line 442.
(pdftex.def)             Requested size: 361.3491pt x 144.53964pt.
[11 <D:/Onedrive/__Projects/econforecasting/model-outputs/latex-figures/unnamed
-chunk-9-1.pdf>]
<D:/Onedrive/__Projects/econforecasting/model-outputs/latex-figures/unnamed-chu
nk-9-3.pdf, id=79, 722.7pt x 289.08pt>
File: D:/Onedrive/__Projects/econforecasting/model-outputs/latex-figures/unname
d-chunk-9-3.pdf Graphic file (type pdf)
<use D:/Onedrive/__Projects/econforecasting/model-outputs/latex-figures/unnamed
-chunk-9-3.pdf>
Package pdftex.def Info: D:/Onedrive/__Projects/econforecasting/model-outputs/l
atex-figures/unnamed-chunk-9-3.pdf  used on input line 449.
(pdftex.def)             Requested size: 361.3491pt x 144.53964pt.
<D:/Onedrive/__Projects/econforecasting/model-outputs/latex-figures/unnamed-chu
nk-9-4.pdf, id=80, 722.7pt x 289.08pt>
File: D:/Onedrive/__Projects/econforecasting/model-outputs/latex-figures/unname
d-chunk-9-4.pdf Graphic file (type pdf)
<use D:/Onedrive/__Projects/econforecasting/model-outputs/latex-figures/unnamed
-chunk-9-4.pdf>
Package pdftex.def Info: D:/Onedrive/__Projects/econforecasting/model-outputs/l
atex-figures/unnamed-chunk-9-4.pdf  used on input line 456.
(pdftex.def)             Requested size: 361.3491pt x 144.53964pt.

Package xcolor Warning: Incompatible color definition on input line 466.

LaTeX Font Info:    Font shape `OT1/cmtt/bx/n' in size <10.95> not available
(Font)              Font shape `OT1/cmtt/m/n' tried instead on input line 469.

Package xcolor Warning: Incompatible color definition on input line 469.


Overfull \hbox (10.80074pt too wide) in paragraph at lines 469--469
[]\OT1/cmtt/m/n/10.95 ## Error in `align<-.xtable`(`*tmp*`, value = switch(1 + 
is.null(align), : "align"
 []


Package xcolor Warning: Incompatible color definition on input line 469.


Package xcolor Warning: Incompatible color definition on input line 469.

[12 <D:/Onedrive/__Projects/econforecasting/model-outputs/latex-figures/unnamed
-chunk-9-2.pdf> <D:/Onedrive/__Projects/econforecasting/model-outputs/latex-fig
ures/unnamed-chunk-9-3.pdf> <D:/Onedrive/__Projects/econforecasting/model-outpu
ts/latex-figures/unnamed-chunk-9-4.pdf>] [13]
<D:/Onedrive/__Projects/econforecasting/model-outputs/latex-figures/unnamed-chu
nk-12-1.pdf, id=110, 722.7pt x 289.08pt>
File: D:/Onedrive/__Projects/econforecasting/model-outputs/latex-figures/unname
d-chunk-12-1.pdf Graphic file (type pdf)
<use D:/Onedrive/__Projects/econforecasting/model-outputs/latex-figures/unnamed
-chunk-12-1.pdf>
Package pdftex.def Info: D:/Onedrive/__Projects/econforecasting/model-outputs/l
atex-figures/unnamed-chunk-12-1.pdf  used on input line 570.
(pdftex.def)             Requested size: 361.3491pt x 144.53964pt.
<D:/Onedrive/__Projects/econforecasting/model-outputs/latex-figures/unnamed-chu
nk-12-2.pdf, id=111, 722.7pt x 289.08pt>
File: D:/Onedrive/__Projects/econforecasting/model-outputs/latex-figures/unname
d-chunk-12-2.pdf Graphic file (type pdf)
<use D:/Onedrive/__Projects/econforecasting/model-outputs/latex-figures/unnamed
-chunk-12-2.pdf>
Package pdftex.def Info: D:/Onedrive/__Projects/econforecasting/model-outputs/l
atex-figures/unnamed-chunk-12-2.pdf  used on input line 577.
(pdftex.def)             Requested size: 361.3491pt x 144.53964pt.
<D:/Onedrive/__Projects/econforecasting/model-outputs/latex-figures/unnamed-chu
nk-12-3.pdf, id=112, 722.7pt x 289.08pt>
File: D:/Onedrive/__Projects/econforecasting/model-outputs/latex-figures/unname
d-chunk-12-3.pdf Graphic file (type pdf)
<use D:/Onedrive/__Projects/econforecasting/model-outputs/latex-figures/unnamed
-chunk-12-3.pdf>
Package pdftex.def Info: D:/Onedrive/__Projects/econforecasting/model-outputs/l
atex-figures/unnamed-chunk-12-3.pdf  used on input line 584.
(pdftex.def)             Requested size: 361.3491pt x 144.53964pt.
<D:/Onedrive/__Projects/econforecasting/model-outputs/latex-figures/unnamed-chu
nk-12-4.pdf, id=113, 722.7pt x 289.08pt>
File: D:/Onedrive/__Projects/econforecasting/model-outputs/latex-figures/unname
d-chunk-12-4.pdf Graphic file (type pdf)
<use D:/Onedrive/__Projects/econforecasting/model-outputs/latex-figures/unnamed
-chunk-12-4.pdf>
Package pdftex.def Info: D:/Onedrive/__Projects/econforecasting/model-outputs/l
atex-figures/unnamed-chunk-12-4.pdf  used on input line 591.
(pdftex.def)             Requested size: 361.3491pt x 144.53964pt.
<D:/Onedrive/__Projects/econforecasting/model-outputs/latex-figures/unnamed-chu
nk-13-1.pdf, id=114, 722.7pt x 289.08pt>
File: D:/Onedrive/__Projects/econforecasting/model-outputs/latex-figures/unname
d-chunk-13-1.pdf Graphic file (type pdf)
<use D:/Onedrive/__Projects/econforecasting/model-outputs/latex-figures/unnamed
-chunk-13-1.pdf>
Package pdftex.def Info: D:/Onedrive/__Projects/econforecasting/model-outputs/l
atex-figures/unnamed-chunk-13-1.pdf  used on input line 601.
(pdftex.def)             Requested size: 361.3491pt x 144.53964pt.
[14 <D:/Onedrive/__Projects/econforecasting/model-outputs/latex-figures/unnamed
-chunk-12-1.pdf> <D:/Onedrive/__Projects/econforecasting/model-outputs/latex-fi
gures/unnamed-chunk-12-2.pdf> <D:/Onedrive/__Projects/econforecasting/model-out
puts/latex-figures/unnamed-chunk-12-3.pdf>] [15 <D:/Onedrive/__Projects/econfor
ecasting/model-outputs/latex-figures/unnamed-chunk-12-4.pdf> <D:/Onedrive/__Pro
jects/econforecasting/model-outputs/latex-figures/unnamed-chunk-13-1.pdf>] [16]
[17] [18] [19]
<D:/Onedrive/__Projects/econforecasting/model-outputs/latex-figures/unnamed-chu
nk-17-1.pdf, id=164, 722.7pt x 289.08pt>
File: D:/Onedrive/__Projects/econforecasting/model-outputs/latex-figures/unname
d-chunk-17-1.pdf Graphic file (type pdf)
<use D:/Onedrive/__Projects/econforecasting/model-outputs/latex-figures/unnamed
-chunk-17-1.pdf>
Package pdftex.def Info: D:/Onedrive/__Projects/econforecasting/model-outputs/l
atex-figures/unnamed-chunk-17-1.pdf  used on input line 904.
(pdftex.def)             Requested size: 361.3491pt x 144.53964pt.
[20]
<D:/Onedrive/__Projects/econforecasting/model-outputs/latex-figures/unnamed-chu
nk-17-2.pdf, id=168, 722.7pt x 289.08pt>
File: D:/Onedrive/__Projects/econforecasting/model-outputs/latex-figures/unname
d-chunk-17-2.pdf Graphic file (type pdf)
<use D:/Onedrive/__Projects/econforecasting/model-outputs/latex-figures/unnamed
-chunk-17-2.pdf>
Package pdftex.def Info: D:/Onedrive/__Projects/econforecasting/model-outputs/l
atex-figures/unnamed-chunk-17-2.pdf  used on input line 911.
(pdftex.def)             Requested size: 361.3491pt x 144.53964pt.
<D:/Onedrive/__Projects/econforecasting/model-outputs/latex-figures/unnamed-chu
nk-17-3.pdf, id=169, 722.7pt x 289.08pt>
File: D:/Onedrive/__Projects/econforecasting/model-outputs/latex-figures/unname
d-chunk-17-3.pdf Graphic file (type pdf)
<use D:/Onedrive/__Projects/econforecasting/model-outputs/latex-figures/unnamed
-chunk-17-3.pdf>
Package pdftex.def Info: D:/Onedrive/__Projects/econforecasting/model-outputs/l
atex-figures/unnamed-chunk-17-3.pdf  used on input line 918.
(pdftex.def)             Requested size: 361.3491pt x 144.53964pt.
<D:/Onedrive/__Projects/econforecasting/model-outputs/latex-figures/unnamed-chu
nk-17-4.pdf, id=170, 722.7pt x 289.08pt>
File: D:/Onedrive/__Projects/econforecasting/model-outputs/latex-figures/unname
d-chunk-17-4.pdf Graphic file (type pdf)
<use D:/Onedrive/__Projects/econforecasting/model-outputs/latex-figures/unnamed
-chunk-17-4.pdf>
Package pdftex.def Info: D:/Onedrive/__Projects/econforecasting/model-outputs/l
atex-figures/unnamed-chunk-17-4.pdf  used on input line 925.
(pdftex.def)             Requested size: 361.3491pt x 144.53964pt.
[21 <D:/Onedrive/__Projects/econforecasting/model-outputs/latex-figures/unnamed
-chunk-17-1.pdf> <D:/Onedrive/__Projects/econforecasting/model-outputs/latex-fi
gures/unnamed-chunk-17-2.pdf> <D:/Onedrive/__Projects/econforecasting/model-out
puts/latex-figures/unnamed-chunk-17-3.pdf> <D:/Onedrive/__Projects/econforecast
ing/model-outputs/latex-figures/unnamed-chunk-17-4.pdf>] [22] [23] [24]
LaTeX Font Info:    Calculating math sizes for size <11> on input line 1147.

LaTeX Font Warning: Font shape `OT1/cmr/m/n' in size <5.5> not available
(Font)              size <5> substituted on input line 1147.


LaTeX Font Warning: Font shape `OML/cmm/m/it' in size <5.5> not available
(Font)              size <5> substituted on input line 1147.


LaTeX Font Warning: Font shape `OMS/cmsy/m/n' in size <5.5> not available
(Font)              size <5> substituted on input line 1147.


LaTeX Font Warning: Font shape `OT1/cmr/bx/n' in size <5.5> not available
(Font)              size <5> substituted on input line 1147.

[25]
Overfull \hbox (268.35585pt too wide) in paragraph at lines 1165--1225
 [][] 
 []

[26]
Overfull \vbox (45.67984pt too high) has occurred while \output is active []

[27]
<D:/Onedrive/__Projects/econforecasting/model-outputs/latex-figures/unnamed-chu
nk-24-1.pdf, id=218, 722.7pt x 289.08pt>
File: D:/Onedrive/__Projects/econforecasting/model-outputs/latex-figures/unname
d-chunk-24-1.pdf Graphic file (type pdf)
<use D:/Onedrive/__Projects/econforecasting/model-outputs/latex-figures/unnamed
-chunk-24-1.pdf>
Package pdftex.def Info: D:/Onedrive/__Projects/econforecasting/model-outputs/l
atex-figures/unnamed-chunk-24-1.pdf  used on input line 1237.
(pdftex.def)             Requested size: 361.3491pt x 144.53964pt.
<D:/Onedrive/__Projects/econforecasting/model-outputs/latex-figures/unnamed-chu
nk-24-2.pdf, id=219, 722.7pt x 289.08pt>
File: D:/Onedrive/__Projects/econforecasting/model-outputs/latex-figures/unname
d-chunk-24-2.pdf Graphic file (type pdf)
<use D:/Onedrive/__Projects/econforecasting/model-outputs/latex-figures/unnamed
-chunk-24-2.pdf>
Package pdftex.def Info: D:/Onedrive/__Projects/econforecasting/model-outputs/l
atex-figures/unnamed-chunk-24-2.pdf  used on input line 1244.
(pdftex.def)             Requested size: 361.3491pt x 144.53964pt.
<D:/Onedrive/__Projects/econforecasting/model-outputs/latex-figures/unnamed-chu
nk-24-3.pdf, id=220, 722.7pt x 289.08pt>
File: D:/Onedrive/__Projects/econforecasting/model-outputs/latex-figures/unname
d-chunk-24-3.pdf Graphic file (type pdf)
<use D:/Onedrive/__Projects/econforecasting/model-outputs/latex-figures/unnamed
-chunk-24-3.pdf>
Package pdftex.def Info: D:/Onedrive/__Projects/econforecasting/model-outputs/l
atex-figures/unnamed-chunk-24-3.pdf  used on input line 1251.
(pdftex.def)             Requested size: 361.3491pt x 144.53964pt.
<D:/Onedrive/__Projects/econforecasting/model-outputs/latex-figures/unnamed-chu
nk-24-4.pdf, id=221, 722.7pt x 289.08pt>
File: D:/Onedrive/__Projects/econforecasting/model-outputs/latex-figures/unname
d-chunk-24-4.pdf Graphic file (type pdf)
<use D:/Onedrive/__Projects/econforecasting/model-outputs/latex-figures/unnamed
-chunk-24-4.pdf>
Package pdftex.def Info: D:/Onedrive/__Projects/econforecasting/model-outputs/l
atex-figures/unnamed-chunk-24-4.pdf  used on input line 1258.
(pdftex.def)             Requested size: 361.3491pt x 144.53964pt.
[28 <D:/Onedrive/__Projects/econforecasting/model-outputs/latex-figures/unnamed
-chunk-24-1.pdf> <D:/Onedrive/__Projects/econforecasting/model-outputs/latex-fi
gures/unnamed-chunk-24-2.pdf> <D:/Onedrive/__Projects/econforecasting/model-out
puts/latex-figures/unnamed-chunk-24-3.pdf>]
<D:/Onedrive/__Projects/econforecasting/model-outputs/latex-figures/unnamed-chu
nk-24-5.pdf, id=243, 722.7pt x 289.08pt>
File: D:/Onedrive/__Projects/econforecasting/model-outputs/latex-figures/unname
d-chunk-24-5.pdf Graphic file (type pdf)
<use D:/Onedrive/__Projects/econforecasting/model-outputs/latex-figures/unnamed
-chunk-24-5.pdf>
Package pdftex.def Info: D:/Onedrive/__Projects/econforecasting/model-outputs/l
atex-figures/unnamed-chunk-24-5.pdf  used on input line 1265.
(pdftex.def)             Requested size: 361.3491pt x 144.53964pt.
<D:/Onedrive/__Projects/econforecasting/model-outputs/latex-figures/unnamed-chu
nk-24-6.pdf, id=244, 722.7pt x 289.08pt>
File: D:/Onedrive/__Projects/econforecasting/model-outputs/latex-figures/unname
d-chunk-24-6.pdf Graphic file (type pdf)
<use D:/Onedrive/__Projects/econforecasting/model-outputs/latex-figures/unnamed
-chunk-24-6.pdf>
Package pdftex.def Info: D:/Onedrive/__Projects/econforecasting/model-outputs/l
atex-figures/unnamed-chunk-24-6.pdf  used on input line 1272.
(pdftex.def)             Requested size: 361.3491pt x 144.53964pt.
<D:/Onedrive/__Projects/econforecasting/model-outputs/latex-figures/unnamed-chu
nk-24-7.pdf, id=245, 722.7pt x 289.08pt>
File: D:/Onedrive/__Projects/econforecasting/model-outputs/latex-figures/unname
d-chunk-24-7.pdf Graphic file (type pdf)
<use D:/Onedrive/__Projects/econforecasting/model-outputs/latex-figures/unnamed
-chunk-24-7.pdf>
Package pdftex.def Info: D:/Onedrive/__Projects/econforecasting/model-outputs/l
atex-figures/unnamed-chunk-24-7.pdf  used on input line 1279.
(pdftex.def)             Requested size: 361.3491pt x 144.53964pt.
<D:/Onedrive/__Projects/econforecasting/model-outputs/latex-figures/unnamed-chu
nk-24-8.pdf, id=246, 722.7pt x 289.08pt>
File: D:/Onedrive/__Projects/econforecasting/model-outputs/latex-figures/unname
d-chunk-24-8.pdf Graphic file (type pdf)
<use D:/Onedrive/__Projects/econforecasting/model-outputs/latex-figures/unnamed
-chunk-24-8.pdf>
Package pdftex.def Info: D:/Onedrive/__Projects/econforecasting/model-outputs/l
atex-figures/unnamed-chunk-24-8.pdf  used on input line 1286.
(pdftex.def)             Requested size: 361.3491pt x 144.53964pt.
[29 <D:/Onedrive/__Projects/econforecasting/model-outputs/latex-figures/unnamed
-chunk-24-4.pdf> <D:/Onedrive/__Projects/econforecasting/model-outputs/latex-fi
gures/unnamed-chunk-24-5.pdf> <D:/Onedrive/__Projects/econforecasting/model-out
puts/latex-figures/unnamed-chunk-24-6.pdf> <D:/Onedrive/__Projects/econforecast
ing/model-outputs/latex-figures/unnamed-chunk-24-7.pdf>]
<D:/Onedrive/__Projects/econforecasting/model-outputs/latex-figures/unnamed-chu
nk-24-9.pdf, id=274, 722.7pt x 289.08pt>
File: D:/Onedrive/__Projects/econforecasting/model-outputs/latex-figures/unname
d-chunk-24-9.pdf Graphic file (type pdf)
<use D:/Onedrive/__Projects/econforecasting/model-outputs/latex-figures/unnamed
-chunk-24-9.pdf>
Package pdftex.def Info: D:/Onedrive/__Projects/econforecasting/model-outputs/l
atex-figures/unnamed-chunk-24-9.pdf  used on input line 1293.
(pdftex.def)             Requested size: 361.3491pt x 144.53964pt.
<D:/Onedrive/__Projects/econforecasting/model-outputs/latex-figures/unnamed-chu
nk-24-10.pdf, id=275, 722.7pt x 289.08pt>
File: D:/Onedrive/__Projects/econforecasting/model-outputs/latex-figures/unname
d-chunk-24-10.pdf Graphic file (type pdf)
<use D:/Onedrive/__Projects/econforecasting/model-outputs/latex-figures/unnamed
-chunk-24-10.pdf>
Package pdftex.def Info: D:/Onedrive/__Projects/econforecasting/model-outputs/l
atex-figures/unnamed-chunk-24-10.pdf  used on input line 1300.
(pdftex.def)             Requested size: 361.3491pt x 144.53964pt.
<D:/Onedrive/__Projects/econforecasting/model-outputs/latex-figures/unnamed-chu
nk-24-11.pdf, id=276, 722.7pt x 289.08pt>
File: D:/Onedrive/__Projects/econforecasting/model-outputs/latex-figures/unname
d-chunk-24-11.pdf Graphic file (type pdf)
<use D:/Onedrive/__Projects/econforecasting/model-outputs/latex-figures/unnamed
-chunk-24-11.pdf>
Package pdftex.def Info: D:/Onedrive/__Projects/econforecasting/model-outputs/l
atex-figures/unnamed-chunk-24-11.pdf  used on input line 1307.
(pdftex.def)             Requested size: 361.3491pt x 144.53964pt.
<D:/Onedrive/__Projects/econforecasting/model-outputs/latex-figures/unnamed-chu
nk-24-12.pdf, id=277, 722.7pt x 289.08pt>
File: D:/Onedrive/__Projects/econforecasting/model-outputs/latex-figures/unname
d-chunk-24-12.pdf Graphic file (type pdf)
<use D:/Onedrive/__Projects/econforecasting/model-outputs/latex-figures/unnamed
-chunk-24-12.pdf>
Package pdftex.def Info: D:/Onedrive/__Projects/econforecasting/model-outputs/l
atex-figures/unnamed-chunk-24-12.pdf  used on input line 1314.
(pdftex.def)             Requested size: 361.3491pt x 144.53964pt.
[30 <D:/Onedrive/__Projects/econforecasting/model-outputs/latex-figures/unnamed
-chunk-24-8.pdf> <D:/Onedrive/__Projects/econforecasting/model-outputs/latex-fi
gures/unnamed-chunk-24-9.pdf> <D:/Onedrive/__Projects/econforecasting/model-out
puts/latex-figures/unnamed-chunk-24-10.pdf> <D:/Onedrive/__Projects/econforecas
ting/model-outputs/latex-figures/unnamed-chunk-24-11.pdf>]
<D:/Onedrive/__Projects/econforecasting/model-outputs/latex-figures/unnamed-chu
nk-24-13.pdf, id=306, 722.7pt x 289.08pt>
File: D:/Onedrive/__Projects/econforecasting/model-outputs/latex-figures/unname
d-chunk-24-13.pdf Graphic file (type pdf)
<use D:/Onedrive/__Projects/econforecasting/model-outputs/latex-figures/unnamed
-chunk-24-13.pdf>
Package pdftex.def Info: D:/Onedrive/__Projects/econforecasting/model-outputs/l
atex-figures/unnamed-chunk-24-13.pdf  used on input line 1321.
(pdftex.def)             Requested size: 361.3491pt x 144.53964pt.
<D:/Onedrive/__Projects/econforecasting/model-outputs/latex-figures/unnamed-chu
nk-24-14.pdf, id=307, 722.7pt x 289.08pt>
File: D:/Onedrive/__Projects/econforecasting/model-outputs/latex-figures/unname
d-chunk-24-14.pdf Graphic file (type pdf)
<use D:/Onedrive/__Projects/econforecasting/model-outputs/latex-figures/unnamed
-chunk-24-14.pdf>
Package pdftex.def Info: D:/Onedrive/__Projects/econforecasting/model-outputs/l
atex-figures/unnamed-chunk-24-14.pdf  used on input line 1328.
(pdftex.def)             Requested size: 361.3491pt x 144.53964pt.
<D:/Onedrive/__Projects/econforecasting/model-outputs/latex-figures/unnamed-chu
nk-24-15.pdf, id=308, 722.7pt x 289.08pt>
File: D:/Onedrive/__Projects/econforecasting/model-outputs/latex-figures/unname
d-chunk-24-15.pdf Graphic file (type pdf)
<use D:/Onedrive/__Projects/econforecasting/model-outputs/latex-figures/unnamed
-chunk-24-15.pdf>
Package pdftex.def Info: D:/Onedrive/__Projects/econforecasting/model-outputs/l
atex-figures/unnamed-chunk-24-15.pdf  used on input line 1335.
(pdftex.def)             Requested size: 361.3491pt x 144.53964pt.
<D:/Onedrive/__Projects/econforecasting/model-outputs/latex-figures/unnamed-chu
nk-24-16.pdf, id=309, 722.7pt x 289.08pt>
File: D:/Onedrive/__Projects/econforecasting/model-outputs/latex-figures/unname
d-chunk-24-16.pdf Graphic file (type pdf)
<use D:/Onedrive/__Projects/econforecasting/model-outputs/latex-figures/unnamed
-chunk-24-16.pdf>
Package pdftex.def Info: D:/Onedrive/__Projects/econforecasting/model-outputs/l
atex-figures/unnamed-chunk-24-16.pdf  used on input line 1342.
(pdftex.def)             Requested size: 361.3491pt x 144.53964pt.
[31 <D:/Onedrive/__Projects/econforecasting/model-outputs/latex-figures/unnamed
-chunk-24-12.pdf> <D:/Onedrive/__Projects/econforecasting/model-outputs/latex-f
igures/unnamed-chunk-24-13.pdf> <D:/Onedrive/__Projects/econforecasting/model-o
utputs/latex-figures/unnamed-chunk-24-14.pdf> <D:/Onedrive/__Projects/econforec
asting/model-outputs/latex-figures/unnamed-chunk-24-15.pdf>]
<D:/Onedrive/__Projects/econforecasting/model-outputs/latex-figures/unnamed-chu
nk-24-17.pdf, id=337, 722.7pt x 289.08pt>
File: D:/Onedrive/__Projects/econforecasting/model-outputs/latex-figures/unname
d-chunk-24-17.pdf Graphic file (type pdf)
<use D:/Onedrive/__Projects/econforecasting/model-outputs/latex-figures/unnamed
-chunk-24-17.pdf>
Package pdftex.def Info: D:/Onedrive/__Projects/econforecasting/model-outputs/l
atex-figures/unnamed-chunk-24-17.pdf  used on input line 1349.
(pdftex.def)             Requested size: 361.3491pt x 144.53964pt.
<D:/Onedrive/__Projects/econforecasting/model-outputs/latex-figures/unnamed-chu
nk-24-18.pdf, id=338, 722.7pt x 289.08pt>
File: D:/Onedrive/__Projects/econforecasting/model-outputs/latex-figures/unname
d-chunk-24-18.pdf Graphic file (type pdf)
<use D:/Onedrive/__Projects/econforecasting/model-outputs/latex-figures/unnamed
-chunk-24-18.pdf>
Package pdftex.def Info: D:/Onedrive/__Projects/econforecasting/model-outputs/l
atex-figures/unnamed-chunk-24-18.pdf  used on input line 1356.
(pdftex.def)             Requested size: 361.3491pt x 144.53964pt.
<D:/Onedrive/__Projects/econforecasting/model-outputs/latex-figures/unnamed-chu
nk-24-19.pdf, id=339, 722.7pt x 289.08pt>
File: D:/Onedrive/__Projects/econforecasting/model-outputs/latex-figures/unname
d-chunk-24-19.pdf Graphic file (type pdf)
<use D:/Onedrive/__Projects/econforecasting/model-outputs/latex-figures/unnamed
-chunk-24-19.pdf>
Package pdftex.def Info: D:/Onedrive/__Projects/econforecasting/model-outputs/l
atex-figures/unnamed-chunk-24-19.pdf  used on input line 1363.
(pdftex.def)             Requested size: 361.3491pt x 144.53964pt.
<D:/Onedrive/__Projects/econforecasting/model-outputs/latex-figures/unnamed-chu
nk-24-20.pdf, id=340, 722.7pt x 289.08pt>
File: D:/Onedrive/__Projects/econforecasting/model-outputs/latex-figures/unname
d-chunk-24-20.pdf Graphic file (type pdf)
<use D:/Onedrive/__Projects/econforecasting/model-outputs/latex-figures/unnamed
-chunk-24-20.pdf>
Package pdftex.def Info: D:/Onedrive/__Projects/econforecasting/model-outputs/l
atex-figures/unnamed-chunk-24-20.pdf  used on input line 1370.
(pdftex.def)             Requested size: 361.3491pt x 144.53964pt.
[32 <D:/Onedrive/__Projects/econforecasting/model-outputs/latex-figures/unnamed
-chunk-24-16.pdf> <D:/Onedrive/__Projects/econforecasting/model-outputs/latex-f
igures/unnamed-chunk-24-17.pdf> <D:/Onedrive/__Projects/econforecasting/model-o
utputs/latex-figures/unnamed-chunk-24-18.pdf> <D:/Onedrive/__Projects/econforec
asting/model-outputs/latex-figures/unnamed-chunk-24-19.pdf>]
<D:/Onedrive/__Projects/econforecasting/model-outputs/latex-figures/unnamed-chu
nk-24-21.pdf, id=368, 722.7pt x 289.08pt>
File: D:/Onedrive/__Projects/econforecasting/model-outputs/latex-figures/unname
d-chunk-24-21.pdf Graphic file (type pdf)
<use D:/Onedrive/__Projects/econforecasting/model-outputs/latex-figures/unnamed
-chunk-24-21.pdf>
Package pdftex.def Info: D:/Onedrive/__Projects/econforecasting/model-outputs/l
atex-figures/unnamed-chunk-24-21.pdf  used on input line 1377.
(pdftex.def)             Requested size: 361.3491pt x 144.53964pt.
<D:/Onedrive/__Projects/econforecasting/model-outputs/latex-figures/unnamed-chu
nk-24-22.pdf, id=369, 722.7pt x 289.08pt>
File: D:/Onedrive/__Projects/econforecasting/model-outputs/latex-figures/unname
d-chunk-24-22.pdf Graphic file (type pdf)
<use D:/Onedrive/__Projects/econforecasting/model-outputs/latex-figures/unnamed
-chunk-24-22.pdf>
Package pdftex.def Info: D:/Onedrive/__Projects/econforecasting/model-outputs/l
atex-figures/unnamed-chunk-24-22.pdf  used on input line 1384.
(pdftex.def)             Requested size: 361.3491pt x 144.53964pt.
<D:/Onedrive/__Projects/econforecasting/model-outputs/latex-figures/unnamed-chu
nk-24-23.pdf, id=370, 722.7pt x 289.08pt>
File: D:/Onedrive/__Projects/econforecasting/model-outputs/latex-figures/unname
d-chunk-24-23.pdf Graphic file (type pdf)
<use D:/Onedrive/__Projects/econforecasting/model-outputs/latex-figures/unnamed
-chunk-24-23.pdf>
Package pdftex.def Info: D:/Onedrive/__Projects/econforecasting/model-outputs/l
atex-figures/unnamed-chunk-24-23.pdf  used on input line 1391.
(pdftex.def)             Requested size: 361.3491pt x 144.53964pt.
<D:/Onedrive/__Projects/econforecasting/model-outputs/latex-figures/unnamed-chu
nk-24-24.pdf, id=371, 722.7pt x 289.08pt>
File: D:/Onedrive/__Projects/econforecasting/model-outputs/latex-figures/unname
d-chunk-24-24.pdf Graphic file (type pdf)
<use D:/Onedrive/__Projects/econforecasting/model-outputs/latex-figures/unnamed
-chunk-24-24.pdf>
Package pdftex.def Info: D:/Onedrive/__Projects/econforecasting/model-outputs/l
atex-figures/unnamed-chunk-24-24.pdf  used on input line 1398.
(pdftex.def)             Requested size: 361.3491pt x 144.53964pt.
[33 <D:/Onedrive/__Projects/econforecasting/model-outputs/latex-figures/unnamed
-chunk-24-20.pdf> <D:/Onedrive/__Projects/econforecasting/model-outputs/latex-f
igures/unnamed-chunk-24-21.pdf> <D:/Onedrive/__Projects/econforecasting/model-o
utputs/latex-figures/unnamed-chunk-24-22.pdf> <D:/Onedrive/__Projects/econforec
asting/model-outputs/latex-figures/unnamed-chunk-24-23.pdf>]
<D:/Onedrive/__Projects/econforecasting/model-outputs/latex-figures/unnamed-chu
nk-24-25.pdf, id=399, 722.7pt x 289.08pt>
File: D:/Onedrive/__Projects/econforecasting/model-outputs/latex-figures/unname
d-chunk-24-25.pdf Graphic file (type pdf)
<use D:/Onedrive/__Projects/econforecasting/model-outputs/latex-figures/unnamed
-chunk-24-25.pdf>
Package pdftex.def Info: D:/Onedrive/__Projects/econforecasting/model-outputs/l
atex-figures/unnamed-chunk-24-25.pdf  used on input line 1405.
(pdftex.def)             Requested size: 361.3491pt x 144.53964pt.
<D:/Onedrive/__Projects/econforecasting/model-outputs/latex-figures/unnamed-chu
nk-24-26.pdf, id=400, 722.7pt x 289.08pt>
File: D:/Onedrive/__Projects/econforecasting/model-outputs/latex-figures/unname
d-chunk-24-26.pdf Graphic file (type pdf)
<use D:/Onedrive/__Projects/econforecasting/model-outputs/latex-figures/unnamed
-chunk-24-26.pdf>
Package pdftex.def Info: D:/Onedrive/__Projects/econforecasting/model-outputs/l
atex-figures/unnamed-chunk-24-26.pdf  used on input line 1412.
(pdftex.def)             Requested size: 361.3491pt x 144.53964pt.
<D:/Onedrive/__Projects/econforecasting/model-outputs/latex-figures/unnamed-chu
nk-24-27.pdf, id=401, 722.7pt x 289.08pt>
File: D:/Onedrive/__Projects/econforecasting/model-outputs/latex-figures/unname
d-chunk-24-27.pdf Graphic file (type pdf)
<use D:/Onedrive/__Projects/econforecasting/model-outputs/latex-figures/unnamed
-chunk-24-27.pdf>
Package pdftex.def Info: D:/Onedrive/__Projects/econforecasting/model-outputs/l
atex-figures/unnamed-chunk-24-27.pdf  used on input line 1419.
(pdftex.def)             Requested size: 361.3491pt x 144.53964pt.
<D:/Onedrive/__Projects/econforecasting/model-outputs/latex-figures/unnamed-chu
nk-24-28.pdf, id=402, 722.7pt x 289.08pt>
File: D:/Onedrive/__Projects/econforecasting/model-outputs/latex-figures/unname
d-chunk-24-28.pdf Graphic file (type pdf)
<use D:/Onedrive/__Projects/econforecasting/model-outputs/latex-figures/unnamed
-chunk-24-28.pdf>
Package pdftex.def Info: D:/Onedrive/__Projects/econforecasting/model-outputs/l
atex-figures/unnamed-chunk-24-28.pdf  used on input line 1426.
(pdftex.def)             Requested size: 361.3491pt x 144.53964pt.
[34 <D:/Onedrive/__Projects/econforecasting/model-outputs/latex-figures/unnamed
-chunk-24-24.pdf> <D:/Onedrive/__Projects/econforecasting/model-outputs/latex-f
igures/unnamed-chunk-24-25.pdf> <D:/Onedrive/__Projects/econforecasting/model-o
utputs/latex-figures/unnamed-chunk-24-26.pdf> <D:/Onedrive/__Projects/econforec
asting/model-outputs/latex-figures/unnamed-chunk-24-27.pdf>]
<D:/Onedrive/__Projects/econforecasting/model-outputs/latex-figures/unnamed-chu
nk-24-29.pdf, id=430, 722.7pt x 289.08pt>
File: D:/Onedrive/__Projects/econforecasting/model-outputs/latex-figures/unname
d-chunk-24-29.pdf Graphic file (type pdf)
<use D:/Onedrive/__Projects/econforecasting/model-outputs/latex-figures/unnamed
-chunk-24-29.pdf>
Package pdftex.def Info: D:/Onedrive/__Projects/econforecasting/model-outputs/l
atex-figures/unnamed-chunk-24-29.pdf  used on input line 1433.
(pdftex.def)             Requested size: 361.3491pt x 144.53964pt.
<D:/Onedrive/__Projects/econforecasting/model-outputs/latex-figures/unnamed-chu
nk-24-30.pdf, id=431, 722.7pt x 289.08pt>
File: D:/Onedrive/__Projects/econforecasting/model-outputs/latex-figures/unname
d-chunk-24-30.pdf Graphic file (type pdf)
<use D:/Onedrive/__Projects/econforecasting/model-outputs/latex-figures/unnamed
-chunk-24-30.pdf>
Package pdftex.def Info: D:/Onedrive/__Projects/econforecasting/model-outputs/l
atex-figures/unnamed-chunk-24-30.pdf  used on input line 1440.
(pdftex.def)             Requested size: 361.3491pt x 144.53964pt.
<D:/Onedrive/__Projects/econforecasting/model-outputs/latex-figures/unnamed-chu
nk-24-31.pdf, id=432, 722.7pt x 289.08pt>
File: D:/Onedrive/__Projects/econforecasting/model-outputs/latex-figures/unname
d-chunk-24-31.pdf Graphic file (type pdf)
<use D:/Onedrive/__Projects/econforecasting/model-outputs/latex-figures/unnamed
-chunk-24-31.pdf>
Package pdftex.def Info: D:/Onedrive/__Projects/econforecasting/model-outputs/l
atex-figures/unnamed-chunk-24-31.pdf  used on input line 1447.
(pdftex.def)             Requested size: 361.3491pt x 144.53964pt.
<D:/Onedrive/__Projects/econforecasting/model-outputs/latex-figures/unnamed-chu
nk-24-32.pdf, id=433, 722.7pt x 289.08pt>
File: D:/Onedrive/__Projects/econforecasting/model-outputs/latex-figures/unname
d-chunk-24-32.pdf Graphic file (type pdf)
<use D:/Onedrive/__Projects/econforecasting/model-outputs/latex-figures/unnamed
-chunk-24-32.pdf>
Package pdftex.def Info: D:/Onedrive/__Projects/econforecasting/model-outputs/l
atex-figures/unnamed-chunk-24-32.pdf  used on input line 1454.
(pdftex.def)             Requested size: 361.3491pt x 144.53964pt.
[35 <D:/Onedrive/__Projects/econforecasting/model-outputs/latex-figures/unnamed
-chunk-24-28.pdf> <D:/Onedrive/__Projects/econforecasting/model-outputs/latex-f
igures/unnamed-chunk-24-29.pdf> <D:/Onedrive/__Projects/econforecasting/model-o
utputs/latex-figures/unnamed-chunk-24-30.pdf> <D:/Onedrive/__Projects/econforec
asting/model-outputs/latex-figures/unnamed-chunk-24-31.pdf>]
<D:/Onedrive/__Projects/econforecasting/model-outputs/latex-figures/unnamed-chu
nk-24-33.pdf, id=461, 722.7pt x 289.08pt>
File: D:/Onedrive/__Projects/econforecasting/model-outputs/latex-figures/unname
d-chunk-24-33.pdf Graphic file (type pdf)
<use D:/Onedrive/__Projects/econforecasting/model-outputs/latex-figures/unnamed
-chunk-24-33.pdf>
Package pdftex.def Info: D:/Onedrive/__Projects/econforecasting/model-outputs/l
atex-figures/unnamed-chunk-24-33.pdf  used on input line 1461.
(pdftex.def)             Requested size: 361.3491pt x 144.53964pt.
<D:/Onedrive/__Projects/econforecasting/model-outputs/latex-figures/unnamed-chu
nk-24-34.pdf, id=462, 722.7pt x 289.08pt>
File: D:/Onedrive/__Projects/econforecasting/model-outputs/latex-figures/unname
d-chunk-24-34.pdf Graphic file (type pdf)
<use D:/Onedrive/__Projects/econforecasting/model-outputs/latex-figures/unnamed
-chunk-24-34.pdf>
Package pdftex.def Info: D:/Onedrive/__Projects/econforecasting/model-outputs/l
atex-figures/unnamed-chunk-24-34.pdf  used on input line 1468.
(pdftex.def)             Requested size: 361.3491pt x 144.53964pt.
<D:/Onedrive/__Projects/econforecasting/model-outputs/latex-figures/unnamed-chu
nk-24-35.pdf, id=463, 722.7pt x 289.08pt>
File: D:/Onedrive/__Projects/econforecasting/model-outputs/latex-figures/unname
d-chunk-24-35.pdf Graphic file (type pdf)
<use D:/Onedrive/__Projects/econforecasting/model-outputs/latex-figures/unnamed
-chunk-24-35.pdf>
Package pdftex.def Info: D:/Onedrive/__Projects/econforecasting/model-outputs/l
atex-figures/unnamed-chunk-24-35.pdf  used on input line 1475.
(pdftex.def)             Requested size: 361.3491pt x 144.53964pt.
[36 <D:/Onedrive/__Projects/econforecasting/model-outputs/latex-figures/unnamed
-chunk-24-32.pdf> <D:/Onedrive/__Projects/econforecasting/model-outputs/latex-f
igures/unnamed-chunk-24-33.pdf> <D:/Onedrive/__Projects/econforecasting/model-o
utputs/latex-figures/unnamed-chunk-24-34.pdf> <D:/Onedrive/__Projects/econforec
asting/model-outputs/latex-figures/unnamed-chunk-24-35.pdf>] (2021-04-18-nowcas
t.aux)

LaTeX Font Warning: Size substitutions with differences
(Font)              up to 0.5pt have occurred.

 ) 
Here is how much of TeX's memory you used:
 4411 strings out of 479334
 88990 string characters out of 2856135
 402189 words of memory out of 3000000
 21744 multiletter control sequences out of 15000+200000
 414675 words of font info for 66 fonts, out of 3000000 for 9000
 1141 hyphenation exceptions out of 8191
 68i,22n,74p,605b,303s stack positions out of 5000i,500n,10000p,200000b,50000s
<C:/Users/Charles/AppData/Local/Programs/MiKTeX/fonts/type1/public/amsfonts/c
m/cmbx10.pfb><C:/Users/Charles/AppData/Local/Programs/MiKTeX/fonts/type1/public
/amsfonts/cm/cmbx12.pfb><C:/Users/Charles/AppData/Local/Programs/MiKTeX/fonts/t
ype1/public/amsfonts/cm/cmex10.pfb><C:/Users/Charles/AppData/Local/Programs/MiK
TeX/fonts/type1/public/amsfonts/cm/cmmi10.pfb><C:/Users/Charles/AppData/Local/P
rograms/MiKTeX/fonts/type1/public/amsfonts/cm/cmmi6.pfb><C:/Users/Charles/AppDa
ta/Local/Programs/MiKTeX/fonts/type1/public/amsfonts/cm/cmmi8.pfb><C:/Users/Cha
rles/AppData/Local/Programs/MiKTeX/fonts/type1/public/amsfonts/cm/cmmi9.pfb><C:
/Users/Charles/AppData/Local/Programs/MiKTeX/fonts/type1/public/amsfonts/cm/cmr
10.pfb><C:/Users/Charles/AppData/Local/Programs/MiKTeX/fonts/type1/public/amsfo
nts/cm/cmr6.pfb><C:/Users/Charles/AppData/Local/Programs/MiKTeX/fonts/type1/pub
lic/amsfonts/cm/cmr8.pfb><C:/Users/Charles/AppData/Local/Programs/MiKTeX/fonts/
type1/public/amsfonts/cm/cmr9.pfb><C:/Users/Charles/AppData/Local/Programs/MiKT
eX/fonts/type1/public/amsfonts/cm/cmss10.pfb><C:/Users/Charles/AppData/Local/Pr
ograms/MiKTeX/fonts/type1/public/amsfonts/cm/cmss17.pfb><C:/Users/Charles/AppDa
ta/Local/Programs/MiKTeX/fonts/type1/public/amsfonts/cm/cmsy10.pfb><C:/Users/Ch
arles/AppData/Local/Programs/MiKTeX/fonts/type1/public/amsfonts/cm/cmsy6.pfb><C
:/Users/Charles/AppData/Local/Programs/MiKTeX/fonts/type1/public/amsfonts/cm/cm
sy8.pfb><C:/Users/Charles/AppData/Local/Programs/MiKTeX/fonts/type1/public/amsf
onts/cm/cmsy9.pfb><C:/Users/Charles/AppData/Local/Programs/MiKTeX/fonts/type1/p
ublic/amsfonts/cm/cmti10.pfb><C:/Users/Charles/AppData/Local/Programs/MiKTeX/fo
nts/type1/public/amsfonts/cm/cmti9.pfb><C:/Users/Charles/AppData/Local/Programs
/MiKTeX/fonts/type1/public/amsfonts/cm/cmtt10.pfb>
Output written on 2021-04-18-nowcast.pdf (37 pages, 678625 bytes).
PDF statistics:
 556 PDF objects out of 1000 (max. 8388607)
 0 named destinations out of 1000 (max. 500000)
 266 words of extra memory for PDF output out of 10000 (max. 10000000)


! pdflatex: security risk: running with elevated privileges
